  [1m[35m (373.3ms)[0m  [1m[35mCREATE DATABASE "The_Gossip_Project_development" ENCODING = 'unicode'[0m
  ↳ bin/rails:9
  [1m[35m (270.8ms)[0m  [1m[35mCREATE DATABASE "The_Gossip_Project_test" ENCODING = 'unicode'[0m
  ↳ bin/rails:9
  [1m[35m (10.8ms)[0m  [1m[35mCREATE TABLE "schema_migrations" ("version" character varying NOT NULL PRIMARY KEY)[0m
  ↳ bin/rails:9
  [1m[35m (5.6ms)[0m  [1m[35mCREATE TABLE "ar_internal_metadata" ("key" character varying NOT NULL PRIMARY KEY, "value" character varying, "created_at" timestamp NOT NULL, "updated_at" timestamp NOT NULL)[0m
  ↳ bin/rails:9
  [1m[35m (0.3ms)[0m  [1m[34mSELECT pg_try_advisory_lock(6778399041385255200)[0m
  ↳ bin/rails:9
  [1m[35m (0.5ms)[0m  [1m[34mSELECT "schema_migrations"."version" FROM "schema_migrations" ORDER BY "schema_migrations"."version" ASC[0m
  ↳ bin/rails:9
Migrating to CreateUsers (20190805140123)
  [1m[35m (0.2ms)[0m  [1m[35mBEGIN[0m
  ↳ bin/rails:9
  [1m[35m (5.9ms)[0m  [1m[35mCREATE TABLE "users" ("id" bigserial primary key, "first_name" character varying, "last_name" character varying, "description" text, "email" character varying, "age" integer, "city_id" bigint, "created_at" timestamp NOT NULL, "updated_at" timestamp NOT NULL)[0m
  ↳ db/migrate/20190805140123_create_users.rb:3
  [1m[35m (2.2ms)[0m  [1m[35mCREATE  INDEX  "index_users_on_city_id" ON "users"  ("city_id")[0m
  ↳ db/migrate/20190805140123_create_users.rb:3
  [1m[36mActiveRecord::SchemaMigration Create (0.6ms)[0m  [1m[32mINSERT INTO "schema_migrations" ("version") VALUES ($1) RETURNING "version"[0m  [["version", "20190805140123"]]
  ↳ bin/rails:9
  [1m[35m (1.5ms)[0m  [1m[35mCOMMIT[0m
  ↳ bin/rails:9
Migrating to CreateCities (20190805140145)
  [1m[35m (0.2ms)[0m  [1m[35mBEGIN[0m
  ↳ bin/rails:9
  [1m[35m (5.3ms)[0m  [1m[35mCREATE TABLE "cities" ("id" bigserial primary key, "name" character varying, "zip_code" character varying, "created_at" timestamp NOT NULL, "updated_at" timestamp NOT NULL)[0m
  ↳ db/migrate/20190805140145_create_cities.rb:3
  [1m[36mActiveRecord::SchemaMigration Create (0.3ms)[0m  [1m[32mINSERT INTO "schema_migrations" ("version") VALUES ($1) RETURNING "version"[0m  [["version", "20190805140145"]]
  ↳ bin/rails:9
  [1m[35m (1.3ms)[0m  [1m[35mCOMMIT[0m
  ↳ bin/rails:9
Migrating to CreateGossips (20190805140151)
  [1m[35m (0.2ms)[0m  [1m[35mBEGIN[0m
  ↳ bin/rails:9
  [1m[35m (5.1ms)[0m  [1m[35mCREATE TABLE "gossips" ("id" bigserial primary key, "title" character varying, "content" text, "user_id" bigint, "created_at" timestamp NOT NULL, "updated_at" timestamp NOT NULL)[0m
  ↳ db/migrate/20190805140151_create_gossips.rb:3
  [1m[35m (2.2ms)[0m  [1m[35mCREATE  INDEX  "index_gossips_on_user_id" ON "gossips"  ("user_id")[0m
  ↳ db/migrate/20190805140151_create_gossips.rb:3
  [1m[36mActiveRecord::SchemaMigration Create (0.2ms)[0m  [1m[32mINSERT INTO "schema_migrations" ("version") VALUES ($1) RETURNING "version"[0m  [["version", "20190805140151"]]
  ↳ bin/rails:9
  [1m[35m (1.3ms)[0m  [1m[35mCOMMIT[0m
  ↳ bin/rails:9
  [1m[36mActiveRecord::InternalMetadata Load (0.3ms)[0m  [1m[34mSELECT  "ar_internal_metadata".* FROM "ar_internal_metadata" WHERE "ar_internal_metadata"."key" = $1 LIMIT $2[0m  [["key", "environment"], ["LIMIT", 1]]
  ↳ bin/rails:9
  [1m[35m (0.2ms)[0m  [1m[35mBEGIN[0m
  ↳ bin/rails:9
  [1m[36mActiveRecord::InternalMetadata Create (0.7ms)[0m  [1m[32mINSERT INTO "ar_internal_metadata" ("key", "value", "created_at", "updated_at") VALUES ($1, $2, $3, $4) RETURNING "key"[0m  [["key", "environment"], ["value", "development"], ["created_at", "2019-08-05 18:01:51.444236"], ["updated_at", "2019-08-05 18:01:51.444236"]]
  ↳ bin/rails:9
  [1m[35m (0.9ms)[0m  [1m[35mCOMMIT[0m
  ↳ bin/rails:9
  [1m[35m (0.2ms)[0m  [1m[34mSELECT pg_advisory_unlock(6778399041385255200)[0m
  ↳ bin/rails:9
  [1m[35m (0.2ms)[0m  [1m[34mSELECT "schema_migrations"."version" FROM "schema_migrations" ORDER BY "schema_migrations"."version" ASC[0m
  ↳ bin/rails:9
  [1m[35m (0.5ms)[0m  [1m[34mSELECT "schema_migrations"."version" FROM "schema_migrations" ORDER BY "schema_migrations"."version" ASC[0m
  ↳ bin/rails:9
  [1m[35m (0.2ms)[0m  [1m[35mBEGIN[0m
  ↳ db/seeds.rb:9
  [1m[36mCity Load (0.4ms)[0m  [1m[34mSELECT  "cities".* FROM "cities" WHERE "cities"."id" = $1 LIMIT $2[0m  [["id", 4], ["LIMIT", 1]]
  ↳ db/seeds.rb:9
  [1m[35m (0.2ms)[0m  [1m[31mROLLBACK[0m
  ↳ db/seeds.rb:9
  [1m[35m (0.1ms)[0m  [1m[35mBEGIN[0m
  ↳ db/seeds.rb:9
  [1m[36mCity Load (0.2ms)[0m  [1m[34mSELECT  "cities".* FROM "cities" WHERE "cities"."id" = $1 LIMIT $2[0m  [["id", 7], ["LIMIT", 1]]
  ↳ db/seeds.rb:9
  [1m[35m (0.1ms)[0m  [1m[31mROLLBACK[0m
  ↳ db/seeds.rb:9
  [1m[35m (0.1ms)[0m  [1m[35mBEGIN[0m
  ↳ db/seeds.rb:9
  [1m[36mCity Load (0.2ms)[0m  [1m[34mSELECT  "cities".* FROM "cities" WHERE "cities"."id" = $1 LIMIT $2[0m  [["id", 8], ["LIMIT", 1]]
  ↳ db/seeds.rb:9
  [1m[35m (0.1ms)[0m  [1m[31mROLLBACK[0m
  ↳ db/seeds.rb:9
  [1m[35m (0.1ms)[0m  [1m[35mBEGIN[0m
  ↳ db/seeds.rb:9
  [1m[36mCity Load (0.2ms)[0m  [1m[34mSELECT  "cities".* FROM "cities" WHERE "cities"."id" = $1 LIMIT $2[0m  [["id", 4], ["LIMIT", 1]]
  ↳ db/seeds.rb:9
  [1m[35m (0.1ms)[0m  [1m[31mROLLBACK[0m
  ↳ db/seeds.rb:9
  [1m[35m (0.1ms)[0m  [1m[35mBEGIN[0m
  ↳ db/seeds.rb:9
  [1m[36mCity Load (0.2ms)[0m  [1m[34mSELECT  "cities".* FROM "cities" WHERE "cities"."id" = $1 LIMIT $2[0m  [["id", 8], ["LIMIT", 1]]
  ↳ db/seeds.rb:9
  [1m[35m (0.1ms)[0m  [1m[31mROLLBACK[0m
  ↳ db/seeds.rb:9
  [1m[35m (0.1ms)[0m  [1m[35mBEGIN[0m
  ↳ db/seeds.rb:9
  [1m[36mCity Load (0.2ms)[0m  [1m[34mSELECT  "cities".* FROM "cities" WHERE "cities"."id" = $1 LIMIT $2[0m  [["id", 9], ["LIMIT", 1]]
  ↳ db/seeds.rb:9
  [1m[35m (0.1ms)[0m  [1m[31mROLLBACK[0m
  ↳ db/seeds.rb:9
  [1m[35m (0.1ms)[0m  [1m[35mBEGIN[0m
  ↳ db/seeds.rb:9
  [1m[36mCity Load (0.1ms)[0m  [1m[34mSELECT  "cities".* FROM "cities" WHERE "cities"."id" = $1 LIMIT $2[0m  [["id", 5], ["LIMIT", 1]]
  ↳ db/seeds.rb:9
  [1m[35m (0.1ms)[0m  [1m[31mROLLBACK[0m
  ↳ db/seeds.rb:9
  [1m[35m (0.1ms)[0m  [1m[35mBEGIN[0m
  ↳ db/seeds.rb:9
  [1m[36mCity Load (0.1ms)[0m  [1m[34mSELECT  "cities".* FROM "cities" WHERE "cities"."id" = $1 LIMIT $2[0m  [["id", 9], ["LIMIT", 1]]
  ↳ db/seeds.rb:9
  [1m[35m (0.1ms)[0m  [1m[31mROLLBACK[0m
  ↳ db/seeds.rb:9
  [1m[35m (0.1ms)[0m  [1m[35mBEGIN[0m
  ↳ db/seeds.rb:9
  [1m[36mCity Load (0.1ms)[0m  [1m[34mSELECT  "cities".* FROM "cities" WHERE "cities"."id" = $1 LIMIT $2[0m  [["id", 4], ["LIMIT", 1]]
  ↳ db/seeds.rb:9
  [1m[35m (0.1ms)[0m  [1m[31mROLLBACK[0m
  ↳ db/seeds.rb:9
  [1m[35m (0.1ms)[0m  [1m[35mBEGIN[0m
  ↳ db/seeds.rb:9
  [1m[36mCity Load (0.1ms)[0m  [1m[34mSELECT  "cities".* FROM "cities" WHERE "cities"."id" = $1 LIMIT $2[0m  [["id", 10], ["LIMIT", 1]]
  ↳ db/seeds.rb:9
  [1m[35m (0.1ms)[0m  [1m[31mROLLBACK[0m
  ↳ db/seeds.rb:9
  [1m[35m (0.1ms)[0m  [1m[35mBEGIN[0m
  ↳ db/seeds.rb:12
  [1m[36mCity Create (0.4ms)[0m  [1m[32mINSERT INTO "cities" ("name", "zip_code", "created_at", "updated_at") VALUES ($1, $2, $3, $4) RETURNING "id"[0m  [["name", "Loganborough"], ["zip_code", "80701-5908"], ["created_at", "2019-08-05 18:01:55.644364"], ["updated_at", "2019-08-05 18:01:55.644364"]]
  ↳ db/seeds.rb:12
  [1m[35m (0.8ms)[0m  [1m[35mCOMMIT[0m
  ↳ db/seeds.rb:12
  [1m[35m (0.1ms)[0m  [1m[35mBEGIN[0m
  ↳ db/seeds.rb:12
  [1m[36mCity Create (0.2ms)[0m  [1m[32mINSERT INTO "cities" ("name", "zip_code", "created_at", "updated_at") VALUES ($1, $2, $3, $4) RETURNING "id"[0m  [["name", "Port Albert"], ["zip_code", "62371-0806"], ["created_at", "2019-08-05 18:01:55.647256"], ["updated_at", "2019-08-05 18:01:55.647256"]]
  ↳ db/seeds.rb:12
  [1m[35m (0.7ms)[0m  [1m[35mCOMMIT[0m
  ↳ db/seeds.rb:12
  [1m[35m (0.1ms)[0m  [1m[35mBEGIN[0m
  ↳ db/seeds.rb:12
  [1m[36mCity Create (0.2ms)[0m  [1m[32mINSERT INTO "cities" ("name", "zip_code", "created_at", "updated_at") VALUES ($1, $2, $3, $4) RETURNING "id"[0m  [["name", "North Romaland"], ["zip_code", "94085"], ["created_at", "2019-08-05 18:01:55.649706"], ["updated_at", "2019-08-05 18:01:55.649706"]]
  ↳ db/seeds.rb:12
  [1m[35m (0.7ms)[0m  [1m[35mCOMMIT[0m
  ↳ db/seeds.rb:12
  [1m[35m (0.1ms)[0m  [1m[35mBEGIN[0m
  ↳ db/seeds.rb:12
  [1m[36mCity Create (0.2ms)[0m  [1m[32mINSERT INTO "cities" ("name", "zip_code", "created_at", "updated_at") VALUES ($1, $2, $3, $4) RETURNING "id"[0m  [["name", "Weimanntown"], ["zip_code", "81070"], ["created_at", "2019-08-05 18:01:55.651953"], ["updated_at", "2019-08-05 18:01:55.651953"]]
  ↳ db/seeds.rb:12
  [1m[35m (0.8ms)[0m  [1m[35mCOMMIT[0m
  ↳ db/seeds.rb:12
  [1m[35m (0.1ms)[0m  [1m[35mBEGIN[0m
  ↳ db/seeds.rb:12
  [1m[36mCity Create (0.2ms)[0m  [1m[32mINSERT INTO "cities" ("name", "zip_code", "created_at", "updated_at") VALUES ($1, $2, $3, $4) RETURNING "id"[0m  [["name", "North Barbiechester"], ["zip_code", "35671-8587"], ["created_at", "2019-08-05 18:01:55.654648"], ["updated_at", "2019-08-05 18:01:55.654648"]]
  ↳ db/seeds.rb:12
  [1m[35m (0.7ms)[0m  [1m[35mCOMMIT[0m
  ↳ db/seeds.rb:12
  [1m[35m (0.1ms)[0m  [1m[35mBEGIN[0m
  ↳ db/seeds.rb:12
  [1m[36mCity Create (0.3ms)[0m  [1m[32mINSERT INTO "cities" ("name", "zip_code", "created_at", "updated_at") VALUES ($1, $2, $3, $4) RETURNING "id"[0m  [["name", "Lake Leeannachester"], ["zip_code", "83671-1912"], ["created_at", "2019-08-05 18:01:55.657031"], ["updated_at", "2019-08-05 18:01:55.657031"]]
  ↳ db/seeds.rb:12
  [1m[35m (0.8ms)[0m  [1m[35mCOMMIT[0m
  ↳ db/seeds.rb:12
  [1m[35m (0.1ms)[0m  [1m[35mBEGIN[0m
  ↳ db/seeds.rb:12
  [1m[36mCity Create (0.2ms)[0m  [1m[32mINSERT INTO "cities" ("name", "zip_code", "created_at", "updated_at") VALUES ($1, $2, $3, $4) RETURNING "id"[0m  [["name", "Reynoldsberg"], ["zip_code", "01012-5548"], ["created_at", "2019-08-05 18:01:55.659514"], ["updated_at", "2019-08-05 18:01:55.659514"]]
  ↳ db/seeds.rb:12
  [1m[35m (0.8ms)[0m  [1m[35mCOMMIT[0m
  ↳ db/seeds.rb:12
  [1m[35m (0.1ms)[0m  [1m[35mBEGIN[0m
  ↳ db/seeds.rb:12
  [1m[36mCity Create (0.2ms)[0m  [1m[32mINSERT INTO "cities" ("name", "zip_code", "created_at", "updated_at") VALUES ($1, $2, $3, $4) RETURNING "id"[0m  [["name", "Bernhardborough"], ["zip_code", "55235"], ["created_at", "2019-08-05 18:01:55.662329"], ["updated_at", "2019-08-05 18:01:55.662329"]]
  ↳ db/seeds.rb:12
  [1m[35m (0.7ms)[0m  [1m[35mCOMMIT[0m
  ↳ db/seeds.rb:12
  [1m[35m (0.1ms)[0m  [1m[35mBEGIN[0m
  ↳ db/seeds.rb:12
  [1m[36mCity Create (0.2ms)[0m  [1m[32mINSERT INTO "cities" ("name", "zip_code", "created_at", "updated_at") VALUES ($1, $2, $3, $4) RETURNING "id"[0m  [["name", "South Lacystad"], ["zip_code", "54884-3540"], ["created_at", "2019-08-05 18:01:55.665326"], ["updated_at", "2019-08-05 18:01:55.665326"]]
  ↳ db/seeds.rb:12
  [1m[35m (0.7ms)[0m  [1m[35mCOMMIT[0m
  ↳ db/seeds.rb:12
  [1m[35m (0.1ms)[0m  [1m[35mBEGIN[0m
  ↳ db/seeds.rb:12
  [1m[36mCity Create (0.3ms)[0m  [1m[32mINSERT INTO "cities" ("name", "zip_code", "created_at", "updated_at") VALUES ($1, $2, $3, $4) RETURNING "id"[0m  [["name", "Lockmantown"], ["zip_code", "08897-7163"], ["created_at", "2019-08-05 18:01:55.668196"], ["updated_at", "2019-08-05 18:01:55.668196"]]
  ↳ db/seeds.rb:12
  [1m[35m (0.8ms)[0m  [1m[35mCOMMIT[0m
  ↳ db/seeds.rb:12
  [1m[35m (0.1ms)[0m  [1m[35mBEGIN[0m
  ↳ db/seeds.rb:15
  [1m[36mUser Load (0.3ms)[0m  [1m[34mSELECT  "users".* FROM "users" WHERE "users"."id" = $1 LIMIT $2[0m  [["id", 4], ["LIMIT", 1]]
  ↳ db/seeds.rb:15
  [1m[35m (0.1ms)[0m  [1m[31mROLLBACK[0m
  ↳ db/seeds.rb:15
  [1m[35m (0.1ms)[0m  [1m[35mBEGIN[0m
  ↳ db/seeds.rb:15
  [1m[36mUser Load (0.2ms)[0m  [1m[34mSELECT  "users".* FROM "users" WHERE "users"."id" = $1 LIMIT $2[0m  [["id", 8], ["LIMIT", 1]]
  ↳ db/seeds.rb:15
  [1m[35m (0.1ms)[0m  [1m[31mROLLBACK[0m
  ↳ db/seeds.rb:15
  [1m[35m (0.1ms)[0m  [1m[35mBEGIN[0m
  ↳ db/seeds.rb:15
  [1m[36mUser Load (0.2ms)[0m  [1m[34mSELECT  "users".* FROM "users" WHERE "users"."id" = $1 LIMIT $2[0m  [["id", 5], ["LIMIT", 1]]
  ↳ db/seeds.rb:15
  [1m[35m (0.1ms)[0m  [1m[31mROLLBACK[0m
  ↳ db/seeds.rb:15
  [1m[35m (0.1ms)[0m  [1m[35mBEGIN[0m
  ↳ db/seeds.rb:15
  [1m[36mUser Load (0.2ms)[0m  [1m[34mSELECT  "users".* FROM "users" WHERE "users"."id" = $1 LIMIT $2[0m  [["id", 2], ["LIMIT", 1]]
  ↳ db/seeds.rb:15
  [1m[35m (0.1ms)[0m  [1m[31mROLLBACK[0m
  ↳ db/seeds.rb:15
  [1m[35m (0.1ms)[0m  [1m[35mBEGIN[0m
  ↳ db/seeds.rb:15
  [1m[36mUser Load (0.2ms)[0m  [1m[34mSELECT  "users".* FROM "users" WHERE "users"."id" = $1 LIMIT $2[0m  [["id", 10], ["LIMIT", 1]]
  ↳ db/seeds.rb:15
  [1m[35m (0.2ms)[0m  [1m[31mROLLBACK[0m
  ↳ db/seeds.rb:15
  [1m[35m (0.1ms)[0m  [1m[35mBEGIN[0m
  ↳ db/seeds.rb:15
  [1m[36mUser Load (0.2ms)[0m  [1m[34mSELECT  "users".* FROM "users" WHERE "users"."id" = $1 LIMIT $2[0m  [["id", 8], ["LIMIT", 1]]
  ↳ db/seeds.rb:15
  [1m[35m (0.1ms)[0m  [1m[31mROLLBACK[0m
  ↳ db/seeds.rb:15
  [1m[35m (0.1ms)[0m  [1m[35mBEGIN[0m
  ↳ db/seeds.rb:15
  [1m[36mUser Load (0.2ms)[0m  [1m[34mSELECT  "users".* FROM "users" WHERE "users"."id" = $1 LIMIT $2[0m  [["id", 9], ["LIMIT", 1]]
  ↳ db/seeds.rb:15
  [1m[35m (0.1ms)[0m  [1m[31mROLLBACK[0m
  ↳ db/seeds.rb:15
  [1m[35m (0.1ms)[0m  [1m[35mBEGIN[0m
  ↳ db/seeds.rb:15
  [1m[36mUser Load (0.1ms)[0m  [1m[34mSELECT  "users".* FROM "users" WHERE "users"."id" = $1 LIMIT $2[0m  [["id", 6], ["LIMIT", 1]]
  ↳ db/seeds.rb:15
  [1m[35m (0.1ms)[0m  [1m[31mROLLBACK[0m
  ↳ db/seeds.rb:15
  [1m[35m (0.1ms)[0m  [1m[35mBEGIN[0m
  ↳ db/seeds.rb:15
  [1m[36mUser Load (0.1ms)[0m  [1m[34mSELECT  "users".* FROM "users" WHERE "users"."id" = $1 LIMIT $2[0m  [["id", 1], ["LIMIT", 1]]
  ↳ db/seeds.rb:15
  [1m[35m (0.1ms)[0m  [1m[31mROLLBACK[0m
  ↳ db/seeds.rb:15
  [1m[35m (0.1ms)[0m  [1m[35mBEGIN[0m
  ↳ db/seeds.rb:15
  [1m[36mUser Load (0.1ms)[0m  [1m[34mSELECT  "users".* FROM "users" WHERE "users"."id" = $1 LIMIT $2[0m  [["id", 8], ["LIMIT", 1]]
  ↳ db/seeds.rb:15
  [1m[35m (0.1ms)[0m  [1m[31mROLLBACK[0m
  ↳ db/seeds.rb:15
  [1m[35m (0.1ms)[0m  [1m[35mBEGIN[0m
  ↳ db/seeds.rb:15
  [1m[36mUser Load (0.1ms)[0m  [1m[34mSELECT  "users".* FROM "users" WHERE "users"."id" = $1 LIMIT $2[0m  [["id", 3], ["LIMIT", 1]]
  ↳ db/seeds.rb:15
  [1m[35m (0.1ms)[0m  [1m[31mROLLBACK[0m
  ↳ db/seeds.rb:15
  [1m[35m (0.1ms)[0m  [1m[35mBEGIN[0m
  ↳ db/seeds.rb:15
  [1m[36mUser Load (0.1ms)[0m  [1m[34mSELECT  "users".* FROM "users" WHERE "users"."id" = $1 LIMIT $2[0m  [["id", 6], ["LIMIT", 1]]
  ↳ db/seeds.rb:15
  [1m[35m (0.1ms)[0m  [1m[31mROLLBACK[0m
  ↳ db/seeds.rb:15
  [1m[35m (0.1ms)[0m  [1m[35mBEGIN[0m
  ↳ db/seeds.rb:15
  [1m[36mUser Load (0.1ms)[0m  [1m[34mSELECT  "users".* FROM "users" WHERE "users"."id" = $1 LIMIT $2[0m  [["id", 7], ["LIMIT", 1]]
  ↳ db/seeds.rb:15
  [1m[35m (0.1ms)[0m  [1m[31mROLLBACK[0m
  ↳ db/seeds.rb:15
  [1m[35m (0.1ms)[0m  [1m[35mBEGIN[0m
  ↳ db/seeds.rb:15
  [1m[36mUser Load (0.1ms)[0m  [1m[34mSELECT  "users".* FROM "users" WHERE "users"."id" = $1 LIMIT $2[0m  [["id", 6], ["LIMIT", 1]]
  ↳ db/seeds.rb:15
  [1m[35m (0.1ms)[0m  [1m[31mROLLBACK[0m
  ↳ db/seeds.rb:15
  [1m[35m (0.1ms)[0m  [1m[35mBEGIN[0m
  ↳ db/seeds.rb:15
  [1m[36mUser Load (0.1ms)[0m  [1m[34mSELECT  "users".* FROM "users" WHERE "users"."id" = $1 LIMIT $2[0m  [["id", 9], ["LIMIT", 1]]
  ↳ db/seeds.rb:15
  [1m[35m (0.1ms)[0m  [1m[31mROLLBACK[0m
  ↳ db/seeds.rb:15
  [1m[35m (0.1ms)[0m  [1m[35mBEGIN[0m
  ↳ db/seeds.rb:15
  [1m[36mUser Load (0.1ms)[0m  [1m[34mSELECT  "users".* FROM "users" WHERE "users"."id" = $1 LIMIT $2[0m  [["id", 2], ["LIMIT", 1]]
  ↳ db/seeds.rb:15
  [1m[35m (0.1ms)[0m  [1m[31mROLLBACK[0m
  ↳ db/seeds.rb:15
  [1m[35m (0.1ms)[0m  [1m[35mBEGIN[0m
  ↳ db/seeds.rb:15
  [1m[36mUser Load (0.1ms)[0m  [1m[34mSELECT  "users".* FROM "users" WHERE "users"."id" = $1 LIMIT $2[0m  [["id", 1], ["LIMIT", 1]]
  ↳ db/seeds.rb:15
  [1m[35m (0.1ms)[0m  [1m[31mROLLBACK[0m
  ↳ db/seeds.rb:15
  [1m[35m (0.1ms)[0m  [1m[35mBEGIN[0m
  ↳ db/seeds.rb:15
  [1m[36mUser Load (0.1ms)[0m  [1m[34mSELECT  "users".* FROM "users" WHERE "users"."id" = $1 LIMIT $2[0m  [["id", 2], ["LIMIT", 1]]
  ↳ db/seeds.rb:15
  [1m[35m (0.1ms)[0m  [1m[31mROLLBACK[0m
  ↳ db/seeds.rb:15
  [1m[35m (0.1ms)[0m  [1m[35mBEGIN[0m
  ↳ db/seeds.rb:15
  [1m[36mUser Load (0.1ms)[0m  [1m[34mSELECT  "users".* FROM "users" WHERE "users"."id" = $1 LIMIT $2[0m  [["id", 5], ["LIMIT", 1]]
  ↳ db/seeds.rb:15
  [1m[35m (0.1ms)[0m  [1m[31mROLLBACK[0m
  ↳ db/seeds.rb:15
  [1m[35m (0.1ms)[0m  [1m[35mBEGIN[0m
  ↳ db/seeds.rb:15
  [1m[36mUser Load (0.1ms)[0m  [1m[34mSELECT  "users".* FROM "users" WHERE "users"."id" = $1 LIMIT $2[0m  [["id", 4], ["LIMIT", 1]]
  ↳ db/seeds.rb:15
  [1m[35m (0.1ms)[0m  [1m[31mROLLBACK[0m
  ↳ db/seeds.rb:15
  [1m[36mUser Load (0.5ms)[0m  [1m[34mSELECT "users".* FROM "users"[0m
  [1m[36mUser Load (0.7ms)[0m  [1m[34mSELECT "users".* FROM "users"[0m
  [1m[35m (0.5ms)[0m  [1m[34mSELECT "schema_migrations"."version" FROM "schema_migrations" ORDER BY "schema_migrations"."version" ASC[0m
  ↳ bin/rails:9
  [1m[35m (0.2ms)[0m  [1m[35mBEGIN[0m
  ↳ db/seeds.rb:9
  [1m[36mCity Load (0.4ms)[0m  [1m[34mSELECT  "cities".* FROM "cities" WHERE "cities"."id" = $1 LIMIT $2[0m  [["id", 9], ["LIMIT", 1]]
  ↳ db/seeds.rb:9
  [1m[36mUser Create (0.7ms)[0m  [1m[32mINSERT INTO "users" ("first_name", "last_name", "email", "age", "city_id", "created_at", "updated_at") VALUES ($1, $2, $3, $4, $5, $6, $7) RETURNING "id"[0m  [["first_name", "Gretta"], ["last_name", "Raynor"], ["email", "stephan_quigley@harrisbatz.org"], ["age", 54], ["city_id", 9], ["created_at", "2019-08-05 18:04:38.304614"], ["updated_at", "2019-08-05 18:04:38.304614"]]
  ↳ db/seeds.rb:9
  [1m[35m (1.1ms)[0m  [1m[35mCOMMIT[0m
  ↳ db/seeds.rb:9
  [1m[35m (0.1ms)[0m  [1m[35mBEGIN[0m
  ↳ db/seeds.rb:9
  [1m[36mCity Load (0.3ms)[0m  [1m[34mSELECT  "cities".* FROM "cities" WHERE "cities"."id" = $1 LIMIT $2[0m  [["id", 8], ["LIMIT", 1]]
  ↳ db/seeds.rb:9
  [1m[36mUser Create (0.3ms)[0m  [1m[32mINSERT INTO "users" ("first_name", "last_name", "email", "age", "city_id", "created_at", "updated_at") VALUES ($1, $2, $3, $4, $5, $6, $7) RETURNING "id"[0m  [["first_name", "Louis"], ["last_name", "Gerlach"], ["email", "tam@emard.name"], ["age", 76], ["city_id", 8], ["created_at", "2019-08-05 18:04:38.309560"], ["updated_at", "2019-08-05 18:04:38.309560"]]
  ↳ db/seeds.rb:9
  [1m[35m (0.8ms)[0m  [1m[35mCOMMIT[0m
  ↳ db/seeds.rb:9
  [1m[35m (0.1ms)[0m  [1m[35mBEGIN[0m
  ↳ db/seeds.rb:9
  [1m[36mCity Load (0.2ms)[0m  [1m[34mSELECT  "cities".* FROM "cities" WHERE "cities"."id" = $1 LIMIT $2[0m  [["id", 6], ["LIMIT", 1]]
  ↳ db/seeds.rb:9
  [1m[36mUser Create (0.3ms)[0m  [1m[32mINSERT INTO "users" ("first_name", "last_name", "email", "age", "city_id", "created_at", "updated_at") VALUES ($1, $2, $3, $4, $5, $6, $7) RETURNING "id"[0m  [["first_name", "Roxanne"], ["last_name", "Cormier"], ["email", "colby.kilback@bode.io"], ["age", 22], ["city_id", 6], ["created_at", "2019-08-05 18:04:38.313170"], ["updated_at", "2019-08-05 18:04:38.313170"]]
  ↳ db/seeds.rb:9
  [1m[35m (0.8ms)[0m  [1m[35mCOMMIT[0m
  ↳ db/seeds.rb:9
  [1m[35m (0.1ms)[0m  [1m[35mBEGIN[0m
  ↳ db/seeds.rb:9
  [1m[36mCity Load (0.2ms)[0m  [1m[34mSELECT  "cities".* FROM "cities" WHERE "cities"."id" = $1 LIMIT $2[0m  [["id", 3], ["LIMIT", 1]]
  ↳ db/seeds.rb:9
  [1m[36mUser Create (0.2ms)[0m  [1m[32mINSERT INTO "users" ("first_name", "last_name", "email", "age", "city_id", "created_at", "updated_at") VALUES ($1, $2, $3, $4, $5, $6, $7) RETURNING "id"[0m  [["first_name", "Quinton"], ["last_name", "Ebert"], ["email", "ellis_zboncak@greenholtschaden.name"], ["age", 80], ["city_id", 3], ["created_at", "2019-08-05 18:04:38.316714"], ["updated_at", "2019-08-05 18:04:38.316714"]]
  ↳ db/seeds.rb:9
  [1m[35m (0.7ms)[0m  [1m[35mCOMMIT[0m
  ↳ db/seeds.rb:9
  [1m[35m (0.1ms)[0m  [1m[35mBEGIN[0m
  ↳ db/seeds.rb:9
  [1m[36mCity Load (0.2ms)[0m  [1m[34mSELECT  "cities".* FROM "cities" WHERE "cities"."id" = $1 LIMIT $2[0m  [["id", 9], ["LIMIT", 1]]
  ↳ db/seeds.rb:9
  [1m[36mUser Create (0.2ms)[0m  [1m[32mINSERT INTO "users" ("first_name", "last_name", "email", "age", "city_id", "created_at", "updated_at") VALUES ($1, $2, $3, $4, $5, $6, $7) RETURNING "id"[0m  [["first_name", "Vernia"], ["last_name", "Bayer"], ["email", "avis@gutmann.com"], ["age", 22], ["city_id", 9], ["created_at", "2019-08-05 18:04:38.320142"], ["updated_at", "2019-08-05 18:04:38.320142"]]
  ↳ db/seeds.rb:9
  [1m[35m (0.7ms)[0m  [1m[35mCOMMIT[0m
  ↳ db/seeds.rb:9
  [1m[35m (0.1ms)[0m  [1m[35mBEGIN[0m
  ↳ db/seeds.rb:9
  [1m[36mCity Load (0.2ms)[0m  [1m[34mSELECT  "cities".* FROM "cities" WHERE "cities"."id" = $1 LIMIT $2[0m  [["id", 6], ["LIMIT", 1]]
  ↳ db/seeds.rb:9
  [1m[36mUser Create (0.2ms)[0m  [1m[32mINSERT INTO "users" ("first_name", "last_name", "email", "age", "city_id", "created_at", "updated_at") VALUES ($1, $2, $3, $4, $5, $6, $7) RETURNING "id"[0m  [["first_name", "Randa"], ["last_name", "Schoen"], ["email", "carma.schiller@baumbach.info"], ["age", 41], ["city_id", 6], ["created_at", "2019-08-05 18:04:38.323494"], ["updated_at", "2019-08-05 18:04:38.323494"]]
  ↳ db/seeds.rb:9
  [1m[35m (0.8ms)[0m  [1m[35mCOMMIT[0m
  ↳ db/seeds.rb:9
  [1m[35m (0.1ms)[0m  [1m[35mBEGIN[0m
  ↳ db/seeds.rb:9
  [1m[36mCity Load (0.1ms)[0m  [1m[34mSELECT  "cities".* FROM "cities" WHERE "cities"."id" = $1 LIMIT $2[0m  [["id", 3], ["LIMIT", 1]]
  ↳ db/seeds.rb:9
  [1m[36mUser Create (0.3ms)[0m  [1m[32mINSERT INTO "users" ("first_name", "last_name", "email", "age", "city_id", "created_at", "updated_at") VALUES ($1, $2, $3, $4, $5, $6, $7) RETURNING "id"[0m  [["first_name", "Xavier"], ["last_name", "Fisher"], ["email", "kayce@rice.net"], ["age", 55], ["city_id", 3], ["created_at", "2019-08-05 18:04:38.326942"], ["updated_at", "2019-08-05 18:04:38.326942"]]
  ↳ db/seeds.rb:9
  [1m[35m (0.8ms)[0m  [1m[35mCOMMIT[0m
  ↳ db/seeds.rb:9
  [1m[35m (0.1ms)[0m  [1m[35mBEGIN[0m
  ↳ db/seeds.rb:9
  [1m[36mCity Load (0.2ms)[0m  [1m[34mSELECT  "cities".* FROM "cities" WHERE "cities"."id" = $1 LIMIT $2[0m  [["id", 10], ["LIMIT", 1]]
  ↳ db/seeds.rb:9
  [1m[36mUser Create (0.2ms)[0m  [1m[32mINSERT INTO "users" ("first_name", "last_name", "email", "age", "city_id", "created_at", "updated_at") VALUES ($1, $2, $3, $4, $5, $6, $7) RETURNING "id"[0m  [["first_name", "Shannon"], ["last_name", "Bradtke"], ["email", "ricky.oreilly@littelwelch.co"], ["age", 22], ["city_id", 10], ["created_at", "2019-08-05 18:04:38.330484"], ["updated_at", "2019-08-05 18:04:38.330484"]]
  ↳ db/seeds.rb:9
  [1m[35m (0.8ms)[0m  [1m[35mCOMMIT[0m
  ↳ db/seeds.rb:9
  [1m[35m (0.1ms)[0m  [1m[35mBEGIN[0m
  ↳ db/seeds.rb:9
  [1m[36mCity Load (0.2ms)[0m  [1m[34mSELECT  "cities".* FROM "cities" WHERE "cities"."id" = $1 LIMIT $2[0m  [["id", 6], ["LIMIT", 1]]
  ↳ db/seeds.rb:9
  [1m[36mUser Create (0.3ms)[0m  [1m[32mINSERT INTO "users" ("first_name", "last_name", "email", "age", "city_id", "created_at", "updated_at") VALUES ($1, $2, $3, $4, $5, $6, $7) RETURNING "id"[0m  [["first_name", "Garry"], ["last_name", "Fadel"], ["email", "yanira.zboncak@rueckertrantow.co"], ["age", 20], ["city_id", 6], ["created_at", "2019-08-05 18:04:38.333982"], ["updated_at", "2019-08-05 18:04:38.333982"]]
  ↳ db/seeds.rb:9
  [1m[35m (0.8ms)[0m  [1m[35mCOMMIT[0m
  ↳ db/seeds.rb:9
  [1m[35m (0.1ms)[0m  [1m[35mBEGIN[0m
  ↳ db/seeds.rb:9
  [1m[36mCity Load (0.2ms)[0m  [1m[34mSELECT  "cities".* FROM "cities" WHERE "cities"."id" = $1 LIMIT $2[0m  [["id", 8], ["LIMIT", 1]]
  ↳ db/seeds.rb:9
  [1m[36mUser Create (0.3ms)[0m  [1m[32mINSERT INTO "users" ("first_name", "last_name", "email", "age", "city_id", "created_at", "updated_at") VALUES ($1, $2, $3, $4, $5, $6, $7) RETURNING "id"[0m  [["first_name", "Shante"], ["last_name", "Spencer"], ["email", "paris.funk@brekkehilpert.biz"], ["age", 57], ["city_id", 8], ["created_at", "2019-08-05 18:04:38.337543"], ["updated_at", "2019-08-05 18:04:38.337543"]]
  ↳ db/seeds.rb:9
  [1m[35m (0.8ms)[0m  [1m[35mCOMMIT[0m
  ↳ db/seeds.rb:9
  [1m[35m (0.1ms)[0m  [1m[35mBEGIN[0m
  ↳ db/seeds.rb:12
  [1m[36mCity Create (0.3ms)[0m  [1m[32mINSERT INTO "cities" ("name", "zip_code", "created_at", "updated_at") VALUES ($1, $2, $3, $4) RETURNING "id"[0m  [["name", "Elishamouth"], ["zip_code", "40991"], ["created_at", "2019-08-05 18:04:38.340368"], ["updated_at", "2019-08-05 18:04:38.340368"]]
  ↳ db/seeds.rb:12
  [1m[35m (0.7ms)[0m  [1m[35mCOMMIT[0m
  ↳ db/seeds.rb:12
  [1m[35m (0.1ms)[0m  [1m[35mBEGIN[0m
  ↳ db/seeds.rb:12
  [1m[36mCity Create (0.2ms)[0m  [1m[32mINSERT INTO "cities" ("name", "zip_code", "created_at", "updated_at") VALUES ($1, $2, $3, $4) RETURNING "id"[0m  [["name", "Faheyborough"], ["zip_code", "10110"], ["created_at", "2019-08-05 18:04:38.343031"], ["updated_at", "2019-08-05 18:04:38.343031"]]
  ↳ db/seeds.rb:12
  [1m[35m (0.7ms)[0m  [1m[35mCOMMIT[0m
  ↳ db/seeds.rb:12
  [1m[35m (0.1ms)[0m  [1m[35mBEGIN[0m
  ↳ db/seeds.rb:12
  [1m[36mCity Create (0.2ms)[0m  [1m[32mINSERT INTO "cities" ("name", "zip_code", "created_at", "updated_at") VALUES ($1, $2, $3, $4) RETURNING "id"[0m  [["name", "Markland"], ["zip_code", "24373"], ["created_at", "2019-08-05 18:04:38.345267"], ["updated_at", "2019-08-05 18:04:38.345267"]]
  ↳ db/seeds.rb:12
  [1m[35m (0.7ms)[0m  [1m[35mCOMMIT[0m
  ↳ db/seeds.rb:12
  [1m[35m (0.1ms)[0m  [1m[35mBEGIN[0m
  ↳ db/seeds.rb:12
  [1m[36mCity Create (0.2ms)[0m  [1m[32mINSERT INTO "cities" ("name", "zip_code", "created_at", "updated_at") VALUES ($1, $2, $3, $4) RETURNING "id"[0m  [["name", "Libbyfort"], ["zip_code", "18064"], ["created_at", "2019-08-05 18:04:38.347355"], ["updated_at", "2019-08-05 18:04:38.347355"]]
  ↳ db/seeds.rb:12
  [1m[35m (0.7ms)[0m  [1m[35mCOMMIT[0m
  ↳ db/seeds.rb:12
  [1m[35m (0.1ms)[0m  [1m[35mBEGIN[0m
  ↳ db/seeds.rb:12
  [1m[36mCity Create (0.2ms)[0m  [1m[32mINSERT INTO "cities" ("name", "zip_code", "created_at", "updated_at") VALUES ($1, $2, $3, $4) RETURNING "id"[0m  [["name", "Beierport"], ["zip_code", "46404-9412"], ["created_at", "2019-08-05 18:04:38.349556"], ["updated_at", "2019-08-05 18:04:38.349556"]]
  ↳ db/seeds.rb:12
  [1m[35m (0.8ms)[0m  [1m[35mCOMMIT[0m
  ↳ db/seeds.rb:12
  [1m[35m (0.1ms)[0m  [1m[35mBEGIN[0m
  ↳ db/seeds.rb:12
  [1m[36mCity Create (0.2ms)[0m  [1m[32mINSERT INTO "cities" ("name", "zip_code", "created_at", "updated_at") VALUES ($1, $2, $3, $4) RETURNING "id"[0m  [["name", "Fadelton"], ["zip_code", "44062"], ["created_at", "2019-08-05 18:04:38.351797"], ["updated_at", "2019-08-05 18:04:38.351797"]]
  ↳ db/seeds.rb:12
  [1m[35m (0.7ms)[0m  [1m[35mCOMMIT[0m
  ↳ db/seeds.rb:12
  [1m[35m (0.1ms)[0m  [1m[35mBEGIN[0m
  ↳ db/seeds.rb:12
  [1m[36mCity Create (0.2ms)[0m  [1m[32mINSERT INTO "cities" ("name", "zip_code", "created_at", "updated_at") VALUES ($1, $2, $3, $4) RETURNING "id"[0m  [["name", "Lebsacktown"], ["zip_code", "78149-5183"], ["created_at", "2019-08-05 18:04:38.354093"], ["updated_at", "2019-08-05 18:04:38.354093"]]
  ↳ db/seeds.rb:12
  [1m[35m (0.8ms)[0m  [1m[35mCOMMIT[0m
  ↳ db/seeds.rb:12
  [1m[35m (0.1ms)[0m  [1m[35mBEGIN[0m
  ↳ db/seeds.rb:12
  [1m[36mCity Create (0.2ms)[0m  [1m[32mINSERT INTO "cities" ("name", "zip_code", "created_at", "updated_at") VALUES ($1, $2, $3, $4) RETURNING "id"[0m  [["name", "Lake Marcusside"], ["zip_code", "59496"], ["created_at", "2019-08-05 18:04:38.356330"], ["updated_at", "2019-08-05 18:04:38.356330"]]
  ↳ db/seeds.rb:12
  [1m[35m (0.7ms)[0m  [1m[35mCOMMIT[0m
  ↳ db/seeds.rb:12
  [1m[35m (0.1ms)[0m  [1m[35mBEGIN[0m
  ↳ db/seeds.rb:12
  [1m[36mCity Create (0.2ms)[0m  [1m[32mINSERT INTO "cities" ("name", "zip_code", "created_at", "updated_at") VALUES ($1, $2, $3, $4) RETURNING "id"[0m  [["name", "East Burt"], ["zip_code", "85182"], ["created_at", "2019-08-05 18:04:38.358524"], ["updated_at", "2019-08-05 18:04:38.358524"]]
  ↳ db/seeds.rb:12
  [1m[35m (0.6ms)[0m  [1m[35mCOMMIT[0m
  ↳ db/seeds.rb:12
  [1m[35m (0.1ms)[0m  [1m[35mBEGIN[0m
  ↳ db/seeds.rb:12
  [1m[36mCity Create (0.2ms)[0m  [1m[32mINSERT INTO "cities" ("name", "zip_code", "created_at", "updated_at") VALUES ($1, $2, $3, $4) RETURNING "id"[0m  [["name", "East Benitahaven"], ["zip_code", "23779-6500"], ["created_at", "2019-08-05 18:04:38.360536"], ["updated_at", "2019-08-05 18:04:38.360536"]]
  ↳ db/seeds.rb:12
  [1m[35m (0.6ms)[0m  [1m[35mCOMMIT[0m
  ↳ db/seeds.rb:12
  [1m[35m (0.2ms)[0m  [1m[35mBEGIN[0m
  ↳ db/seeds.rb:15
  [1m[36mUser Load (0.2ms)[0m  [1m[34mSELECT  "users".* FROM "users" WHERE "users"."id" = $1 LIMIT $2[0m  [["id", 5], ["LIMIT", 1]]
  ↳ db/seeds.rb:15
  [1m[36mGossip Create (0.4ms)[0m  [1m[32mINSERT INTO "gossips" ("title", "content", "user_id", "created_at", "updated_at") VALUES ($1, $2, $3, $4, $5) RETURNING "id"[0m  [["title", "Pinsir"], ["content", "Ow, ow, OW! On my ear you are!"], ["user_id", 5], ["created_at", "2019-08-05 18:04:38.371893"], ["updated_at", "2019-08-05 18:04:38.371893"]]
  ↳ db/seeds.rb:15
  [1m[35m (0.8ms)[0m  [1m[35mCOMMIT[0m
  ↳ db/seeds.rb:15
  [1m[35m (0.1ms)[0m  [1m[35mBEGIN[0m
  ↳ db/seeds.rb:15
  [1m[36mUser Load (0.2ms)[0m  [1m[34mSELECT  "users".* FROM "users" WHERE "users"."id" = $1 LIMIT $2[0m  [["id", 3], ["LIMIT", 1]]
  ↳ db/seeds.rb:15
  [1m[36mGossip Create (0.3ms)[0m  [1m[32mINSERT INTO "gossips" ("title", "content", "user_id", "created_at", "updated_at") VALUES ($1, $2, $3, $4, $5) RETURNING "id"[0m  [["title", "Dugtrio"], ["content", "Size matters not. Look at me. Judge me by my size, do you? Hmm? Hmm. And well you should not. For my ally is the Force, and a powerful ally it is. Life creates it, makes it grow. Its energy surrounds us and binds us. Luminous beings are we, not this crude matter. You must feel the Force around you; here, between you, me, the tree, the rock, everywhere, yes. Even between the land and the ship."], ["user_id", 3], ["created_at", "2019-08-05 18:04:38.375471"], ["updated_at", "2019-08-05 18:04:38.375471"]]
  ↳ db/seeds.rb:15
  [1m[35m (0.7ms)[0m  [1m[35mCOMMIT[0m
  ↳ db/seeds.rb:15
  [1m[35m (0.1ms)[0m  [1m[35mBEGIN[0m
  ↳ db/seeds.rb:15
  [1m[36mUser Load (0.2ms)[0m  [1m[34mSELECT  "users".* FROM "users" WHERE "users"."id" = $1 LIMIT $2[0m  [["id", 3], ["LIMIT", 1]]
  ↳ db/seeds.rb:15
  [1m[36mGossip Create (0.2ms)[0m  [1m[32mINSERT INTO "gossips" ("title", "content", "user_id", "created_at", "updated_at") VALUES ($1, $2, $3, $4, $5) RETURNING "id"[0m  [["title", "Hypno"], ["content", "Do not assume anything Obi-Wan. Clear your mind must be if you are to discover the real villains behind this plot."], ["user_id", 3], ["created_at", "2019-08-05 18:04:38.378986"], ["updated_at", "2019-08-05 18:04:38.378986"]]
  ↳ db/seeds.rb:15
  [1m[35m (0.8ms)[0m  [1m[35mCOMMIT[0m
  ↳ db/seeds.rb:15
  [1m[35m (0.1ms)[0m  [1m[35mBEGIN[0m
  ↳ db/seeds.rb:15
  [1m[36mUser Load (0.2ms)[0m  [1m[34mSELECT  "users".* FROM "users" WHERE "users"."id" = $1 LIMIT $2[0m  [["id", 2], ["LIMIT", 1]]
  ↳ db/seeds.rb:15
  [1m[36mGossip Create (0.2ms)[0m  [1m[32mINSERT INTO "gossips" ("title", "content", "user_id", "created_at", "updated_at") VALUES ($1, $2, $3, $4, $5) RETURNING "id"[0m  [["title", "Kangaskhan"], ["content", "At an end your rule is, and not short enough it was!"], ["user_id", 2], ["created_at", "2019-08-05 18:04:38.382790"], ["updated_at", "2019-08-05 18:04:38.382790"]]
  ↳ db/seeds.rb:15
  [1m[35m (0.8ms)[0m  [1m[35mCOMMIT[0m
  ↳ db/seeds.rb:15
  [1m[35m (0.1ms)[0m  [1m[35mBEGIN[0m
  ↳ db/seeds.rb:15
  [1m[36mUser Load (0.3ms)[0m  [1m[34mSELECT  "users".* FROM "users" WHERE "users"."id" = $1 LIMIT $2[0m  [["id", 7], ["LIMIT", 1]]
  ↳ db/seeds.rb:15
  [1m[36mGossip Create (0.3ms)[0m  [1m[32mINSERT INTO "gossips" ("title", "content", "user_id", "created_at", "updated_at") VALUES ($1, $2, $3, $4, $5) RETURNING "id"[0m  [["title", "Shellder"], ["content", "Truly wonderful, the mind of a child is."], ["user_id", 7], ["created_at", "2019-08-05 18:04:38.386351"], ["updated_at", "2019-08-05 18:04:38.386351"]]
  ↳ db/seeds.rb:15
  [1m[35m (0.7ms)[0m  [1m[35mCOMMIT[0m
  ↳ db/seeds.rb:15
  [1m[35m (0.1ms)[0m  [1m[35mBEGIN[0m
  ↳ db/seeds.rb:15
  [1m[36mUser Load (0.3ms)[0m  [1m[34mSELECT  "users".* FROM "users" WHERE "users"."id" = $1 LIMIT $2[0m  [["id", 7], ["LIMIT", 1]]
  ↳ db/seeds.rb:15
  [1m[36mGossip Create (0.3ms)[0m  [1m[32mINSERT INTO "gossips" ("title", "content", "user_id", "created_at", "updated_at") VALUES ($1, $2, $3, $4, $5) RETURNING "id"[0m  [["title", "Flareon"], ["content", "You will find only what you bring in."], ["user_id", 7], ["created_at", "2019-08-05 18:04:38.389587"], ["updated_at", "2019-08-05 18:04:38.389587"]]
  ↳ db/seeds.rb:15
  [1m[35m (0.8ms)[0m  [1m[35mCOMMIT[0m
  ↳ db/seeds.rb:15
  [1m[35m (0.1ms)[0m  [1m[35mBEGIN[0m
  ↳ db/seeds.rb:15
  [1m[36mUser Load (0.2ms)[0m  [1m[34mSELECT  "users".* FROM "users" WHERE "users"."id" = $1 LIMIT $2[0m  [["id", 2], ["LIMIT", 1]]
  ↳ db/seeds.rb:15
  [1m[36mGossip Create (0.3ms)[0m  [1m[32mINSERT INTO "gossips" ("title", "content", "user_id", "created_at", "updated_at") VALUES ($1, $2, $3, $4, $5) RETURNING "id"[0m  [["title", "Pidgeot"], ["content", "Hmm. In the end, cowards are those who follow the dark side."], ["user_id", 2], ["created_at", "2019-08-05 18:04:38.392731"], ["updated_at", "2019-08-05 18:04:38.392731"]]
  ↳ db/seeds.rb:15
  [1m[35m (0.8ms)[0m  [1m[35mCOMMIT[0m
  ↳ db/seeds.rb:15
  [1m[35m (0.1ms)[0m  [1m[35mBEGIN[0m
  ↳ db/seeds.rb:15
  [1m[36mUser Load (0.2ms)[0m  [1m[34mSELECT  "users".* FROM "users" WHERE "users"."id" = $1 LIMIT $2[0m  [["id", 3], ["LIMIT", 1]]
  ↳ db/seeds.rb:15
  [1m[36mGossip Create (0.2ms)[0m  [1m[32mINSERT INTO "gossips" ("title", "content", "user_id", "created_at", "updated_at") VALUES ($1, $2, $3, $4, $5) RETURNING "id"[0m  [["title", "Raichu"], ["content", "Reckless he is. Matters are worse."], ["user_id", 3], ["created_at", "2019-08-05 18:04:38.403184"], ["updated_at", "2019-08-05 18:04:38.403184"]]
  ↳ db/seeds.rb:15
  [1m[35m (0.7ms)[0m  [1m[35mCOMMIT[0m
  ↳ db/seeds.rb:15
  [1m[35m (0.1ms)[0m  [1m[35mBEGIN[0m
  ↳ db/seeds.rb:15
  [1m[36mUser Load (0.1ms)[0m  [1m[34mSELECT  "users".* FROM "users" WHERE "users"."id" = $1 LIMIT $2[0m  [["id", 7], ["LIMIT", 1]]
  ↳ db/seeds.rb:15
  [1m[36mGossip Create (0.2ms)[0m  [1m[32mINSERT INTO "gossips" ("title", "content", "user_id", "created_at", "updated_at") VALUES ($1, $2, $3, $4, $5) RETURNING "id"[0m  [["title", "Ponyta"], ["content", "Clear your mind must be, if you are to find the villains behind this plot."], ["user_id", 7], ["created_at", "2019-08-05 18:04:38.406146"], ["updated_at", "2019-08-05 18:04:38.406146"]]
  ↳ db/seeds.rb:15
  [1m[35m (0.7ms)[0m  [1m[35mCOMMIT[0m
  ↳ db/seeds.rb:15
  [1m[35m (0.1ms)[0m  [1m[35mBEGIN[0m
  ↳ db/seeds.rb:15
  [1m[36mUser Load (0.1ms)[0m  [1m[34mSELECT  "users".* FROM "users" WHERE "users"."id" = $1 LIMIT $2[0m  [["id", 6], ["LIMIT", 1]]
  ↳ db/seeds.rb:15
  [1m[36mGossip Create (0.2ms)[0m  [1m[32mINSERT INTO "gossips" ("title", "content", "user_id", "created_at", "updated_at") VALUES ($1, $2, $3, $4, $5) RETURNING "id"[0m  [["title", "Dragonite"], ["content", "The dark side clouds everything. Impossible to see the future is."], ["user_id", 6], ["created_at", "2019-08-05 18:04:38.409126"], ["updated_at", "2019-08-05 18:04:38.409126"]]
  ↳ db/seeds.rb:15
  [1m[35m (0.8ms)[0m  [1m[35mCOMMIT[0m
  ↳ db/seeds.rb:15
  [1m[35m (0.1ms)[0m  [1m[35mBEGIN[0m
  ↳ db/seeds.rb:15
  [1m[36mUser Load (0.1ms)[0m  [1m[34mSELECT  "users".* FROM "users" WHERE "users"."id" = $1 LIMIT $2[0m  [["id", 6], ["LIMIT", 1]]
  ↳ db/seeds.rb:15
  [1m[36mGossip Create (0.2ms)[0m  [1m[32mINSERT INTO "gossips" ("title", "content", "user_id", "created_at", "updated_at") VALUES ($1, $2, $3, $4, $5) RETURNING "id"[0m  [["title", "Cloyster"], ["content", "Soon will I rest, yes, forever sleep. Earned it I have. Twilight is upon me, soon night must fall."], ["user_id", 6], ["created_at", "2019-08-05 18:04:38.412054"], ["updated_at", "2019-08-05 18:04:38.412054"]]
  ↳ db/seeds.rb:15
  [1m[35m (0.7ms)[0m  [1m[35mCOMMIT[0m
  ↳ db/seeds.rb:15
  [1m[35m (0.1ms)[0m  [1m[35mBEGIN[0m
  ↳ db/seeds.rb:15
  [1m[36mUser Load (0.1ms)[0m  [1m[34mSELECT  "users".* FROM "users" WHERE "users"."id" = $1 LIMIT $2[0m  [["id", 7], ["LIMIT", 1]]
  ↳ db/seeds.rb:15
  [1m[36mGossip Create (0.2ms)[0m  [1m[32mINSERT INTO "gossips" ("title", "content", "user_id", "created_at", "updated_at") VALUES ($1, $2, $3, $4, $5) RETURNING "id"[0m  [["title", "Cloyster"], ["content", "Like fire across the galaxy the Clone Wars spread. In league with the wicked Count Dooku, more and more planets slip. Against this threat, upon the Jedi Knights falls the duty to lead the newly formed army of the Republic. And as the heat of war grows, so, to, grows the prowess of one most gifted student of the Force."], ["user_id", 7], ["created_at", "2019-08-05 18:04:38.414907"], ["updated_at", "2019-08-05 18:04:38.414907"]]
  ↳ db/seeds.rb:15
  [1m[35m (0.7ms)[0m  [1m[35mCOMMIT[0m
  ↳ db/seeds.rb:15
  [1m[35m (0.1ms)[0m  [1m[35mBEGIN[0m
  ↳ db/seeds.rb:15
  [1m[36mUser Load (0.1ms)[0m  [1m[34mSELECT  "users".* FROM "users" WHERE "users"."id" = $1 LIMIT $2[0m  [["id", 8], ["LIMIT", 1]]
  ↳ db/seeds.rb:15
  [1m[36mGossip Create (0.2ms)[0m  [1m[32mINSERT INTO "gossips" ("title", "content", "user_id", "created_at", "updated_at") VALUES ($1, $2, $3, $4, $5) RETURNING "id"[0m  [["title", "Pidgeot"], ["content", "Do not assume anything Obi-Wan. Clear your mind must be if you are to discover the real villains behind this plot."], ["user_id", 8], ["created_at", "2019-08-05 18:04:38.417775"], ["updated_at", "2019-08-05 18:04:38.417775"]]
  ↳ db/seeds.rb:15
  [1m[35m (0.7ms)[0m  [1m[35mCOMMIT[0m
  ↳ db/seeds.rb:15
  [1m[35m (0.1ms)[0m  [1m[35mBEGIN[0m
  ↳ db/seeds.rb:15
  [1m[36mUser Load (0.1ms)[0m  [1m[34mSELECT  "users".* FROM "users" WHERE "users"."id" = $1 LIMIT $2[0m  [["id", 3], ["LIMIT", 1]]
  ↳ db/seeds.rb:15
  [1m[36mGossip Create (0.2ms)[0m  [1m[32mINSERT INTO "gossips" ("title", "content", "user_id", "created_at", "updated_at") VALUES ($1, $2, $3, $4, $5) RETURNING "id"[0m  [["title", "Spearow"], ["content", "Always pass on what you have learned."], ["user_id", 3], ["created_at", "2019-08-05 18:04:38.420581"], ["updated_at", "2019-08-05 18:04:38.420581"]]
  ↳ db/seeds.rb:15
  [1m[35m (0.7ms)[0m  [1m[35mCOMMIT[0m
  ↳ db/seeds.rb:15
  [1m[35m (0.1ms)[0m  [1m[35mBEGIN[0m
  ↳ db/seeds.rb:15
  [1m[36mUser Load (0.1ms)[0m  [1m[34mSELECT  "users".* FROM "users" WHERE "users"."id" = $1 LIMIT $2[0m  [["id", 10], ["LIMIT", 1]]
  ↳ db/seeds.rb:15
  [1m[36mGossip Create (0.2ms)[0m  [1m[32mINSERT INTO "gossips" ("title", "content", "user_id", "created_at", "updated_at") VALUES ($1, $2, $3, $4, $5) RETURNING "id"[0m  [["title", "Oddish"], ["content", "Feel the force!"], ["user_id", 10], ["created_at", "2019-08-05 18:04:38.423432"], ["updated_at", "2019-08-05 18:04:38.423432"]]
  ↳ db/seeds.rb:15
  [1m[35m (0.7ms)[0m  [1m[35mCOMMIT[0m
  ↳ db/seeds.rb:15
  [1m[35m (0.1ms)[0m  [1m[35mBEGIN[0m
  ↳ db/seeds.rb:15
  [1m[36mUser Load (0.1ms)[0m  [1m[34mSELECT  "users".* FROM "users" WHERE "users"."id" = $1 LIMIT $2[0m  [["id", 9], ["LIMIT", 1]]
  ↳ db/seeds.rb:15
  [1m[36mGossip Create (0.2ms)[0m  [1m[32mINSERT INTO "gossips" ("title", "content", "user_id", "created_at", "updated_at") VALUES ($1, $2, $3, $4, $5) RETURNING "id"[0m  [["title", "Sandslash"], ["content", "Death is a natural part of life. Rejoice for those around you who transform into the Force. Mourn them do not. Miss them do not. Attachment leads to jealously. The shadow of greed, that is."], ["user_id", 9], ["created_at", "2019-08-05 18:04:38.426196"], ["updated_at", "2019-08-05 18:04:38.426196"]]
  ↳ db/seeds.rb:15
  [1m[35m (0.7ms)[0m  [1m[35mCOMMIT[0m
  ↳ db/seeds.rb:15
  [1m[35m (0.1ms)[0m  [1m[35mBEGIN[0m
  ↳ db/seeds.rb:15
  [1m[36mUser Load (0.1ms)[0m  [1m[34mSELECT  "users".* FROM "users" WHERE "users"."id" = $1 LIMIT $2[0m  [["id", 7], ["LIMIT", 1]]
  ↳ db/seeds.rb:15
  [1m[36mGossip Create (0.2ms)[0m  [1m[32mINSERT INTO "gossips" ("title", "content", "user_id", "created_at", "updated_at") VALUES ($1, $2, $3, $4, $5) RETURNING "id"[0m  [["title", "Ditto"], ["content", "Younglings, younglings gather ’round."], ["user_id", 7], ["created_at", "2019-08-05 18:04:38.429171"], ["updated_at", "2019-08-05 18:04:38.429171"]]
  ↳ db/seeds.rb:15
  [1m[35m (0.8ms)[0m  [1m[35mCOMMIT[0m
  ↳ db/seeds.rb:15
  [1m[35m (0.1ms)[0m  [1m[35mBEGIN[0m
  ↳ db/seeds.rb:15
  [1m[36mUser Load (0.1ms)[0m  [1m[34mSELECT  "users".* FROM "users" WHERE "users"."id" = $1 LIMIT $2[0m  [["id", 4], ["LIMIT", 1]]
  ↳ db/seeds.rb:15
  [1m[36mGossip Create (0.2ms)[0m  [1m[32mINSERT INTO "gossips" ("title", "content", "user_id", "created_at", "updated_at") VALUES ($1, $2, $3, $4, $5) RETURNING "id"[0m  [["title", "Arcanine"], ["content", "Size matters not. Look at me. Judge me by my size, do you? Hmm? Hmm. And well you should not. For my ally is the Force, and a powerful ally it is. Life creates it, makes it grow. Its energy surrounds us and binds us. Luminous beings are we, not this crude matter. You must feel the Force around you; here, between you, me, the tree, the rock, everywhere, yes. Even between the land and the ship."], ["user_id", 4], ["created_at", "2019-08-05 18:04:38.432138"], ["updated_at", "2019-08-05 18:04:38.432138"]]
  ↳ db/seeds.rb:15
  [1m[35m (0.7ms)[0m  [1m[35mCOMMIT[0m
  ↳ db/seeds.rb:15
  [1m[35m (0.1ms)[0m  [1m[35mBEGIN[0m
  ↳ db/seeds.rb:15
  [1m[36mUser Load (0.2ms)[0m  [1m[34mSELECT  "users".* FROM "users" WHERE "users"."id" = $1 LIMIT $2[0m  [["id", 10], ["LIMIT", 1]]
  ↳ db/seeds.rb:15
  [1m[36mGossip Create (0.2ms)[0m  [1m[32mINSERT INTO "gossips" ("title", "content", "user_id", "created_at", "updated_at") VALUES ($1, $2, $3, $4, $5) RETURNING "id"[0m  [["title", "Cloyster"], ["content", "That is why you fail."], ["user_id", 10], ["created_at", "2019-08-05 18:04:38.435140"], ["updated_at", "2019-08-05 18:04:38.435140"]]
  ↳ db/seeds.rb:15
  [1m[35m (0.8ms)[0m  [1m[35mCOMMIT[0m
  ↳ db/seeds.rb:15
  [1m[35m (0.1ms)[0m  [1m[35mBEGIN[0m
  ↳ db/seeds.rb:15
  [1m[36mUser Load (0.1ms)[0m  [1m[34mSELECT  "users".* FROM "users" WHERE "users"."id" = $1 LIMIT $2[0m  [["id", 5], ["LIMIT", 1]]
  ↳ db/seeds.rb:15
  [1m[36mGossip Create (0.2ms)[0m  [1m[32mINSERT INTO "gossips" ("title", "content", "user_id", "created_at", "updated_at") VALUES ($1, $2, $3, $4, $5) RETURNING "id"[0m  [["title", "Slowbro"], ["content", "Clear your mind must be, if you are to find the villains behind this plot."], ["user_id", 5], ["created_at", "2019-08-05 18:04:38.438231"], ["updated_at", "2019-08-05 18:04:38.438231"]]
  ↳ db/seeds.rb:15
  [1m[35m (0.7ms)[0m  [1m[35mCOMMIT[0m
  ↳ db/seeds.rb:15
  [1m[36mUser Load (0.5ms)[0m  [1m[34mSELECT "users".* FROM "users"[0m
  [1m[36mCity Load (1.0ms)[0m  [1m[34mSELECT "cities".* FROM "cities"[0m
  [1m[36mGossip Load (1.0ms)[0m  [1m[34mSELECT "gossips".* FROM "gossips"[0m
